<?xml version="1.0" encoding="UTF-8"?>
<!-- Generated by org.testng.reporters.JUnitReportReporter -->
<testsuite hostname="DESKTOP-EC9NRGI" failures="0" tests="1" name="TestngSessions.ExceptedExceptConcept" time="0.016" errors="0" timestamp="13 Nov 2021 15:51:44 GMT" skipped="0">
  <testcase classname="TestngSessions.ExceptedExceptConcept" name="test" time="0.016"/>
</testsuite> <!-- TestngSessions.ExceptedExceptConcept -->
