<?xml version="1.0" encoding="UTF-8"?>
<!-- Generated by org.testng.reporters.JUnitReportReporter -->
<testsuite hostname="DESKTOP-EC9NRGI" failures="0" tests="2" name="com.tests.LoginTest" time="3.187" errors="0" timestamp="15 Nov 2021 05:42:57 GMT" skipped="0">
  <testcase classname="com.tests.LoginTest" name="verifyLoginPage" time="0.140"/>
  <testcase classname="com.tests.LoginTest" name="loginTest" time="3.047"/>
</testsuite> <!-- com.tests.LoginTest -->
