<?xml version="1.0" encoding="UTF-8"?>
<!-- Generated by org.testng.reporters.JUnitReportReporter -->
<testsuite hostname="DESKTOP-EC9NRGI" failures="0" tests="1" name="com.tests.Register" time="0.087" errors="0" timestamp="15 Nov 2021 05:42:57 GMT" skipped="0">
  <testcase classname="com.tests.Register" name="verifyRegisterAccount" time="0.087"/>
</testsuite> <!-- com.tests.Register -->
