<?xml version="1.0" encoding="UTF-8"?>
<!-- Generated by org.testng.reporters.JUnitReportReporter -->
<testsuite hostname="DESKTOP-EC9NRGI" failures="0" tests="2" name="TestngSessions.LoginPageTestCase2" time="0.555" errors="0" timestamp="13 Nov 2021 17:53:14 GMT" skipped="0">
  <testcase classname="TestngSessions.LoginPageTestCase2" name="getTitle" time="0.338"/>
  <testcase classname="TestngSessions.LoginPageTestCase2" name="testSignin" time="0.217"/>
</testsuite> <!-- TestngSessions.LoginPageTestCase2 -->
