<?xml version="1.0" encoding="UTF-8"?>
<!-- Generated by org.testng.reporters.JUnitReportReporter -->
<testsuite hostname="DESKTOP-EC9NRGI" failures="0" tests="2" name="TestngSessions.LoginPageTest" time="14.656" errors="0" timestamp="13 Nov 2021 17:26:53 GMT" skipped="0">
  <testcase classname="TestngSessions.LoginPageTest" name="getTitle" time="6.077"/>
  <testcase classname="TestngSessions.LoginPageTest" name="testSignin" time="8.579"/>
</testsuite> <!-- TestngSessions.LoginPageTest -->
