<?xml version="1.0" encoding="UTF-8"?>
<!-- Generated by org.testng.reporters.JUnitReportReporter -->
<testsuite hostname="DESKTOP-EC9NRGI" failures="0" tests="10" name="TestngSessions.InvocationCount" time="0.031" errors="0" timestamp="13 Nov 2021 15:51:44 GMT" skipped="0">
  <testcase classname="TestngSessions.InvocationCount" name="test" time="0.002"/>
  <testcase classname="TestngSessions.InvocationCount" name="test" time="0.002"/>
  <testcase classname="TestngSessions.InvocationCount" name="test" time="0.003"/>
  <testcase classname="TestngSessions.InvocationCount" name="test" time="0.006"/>
  <testcase classname="TestngSessions.InvocationCount" name="test" time="0.005"/>
  <testcase classname="TestngSessions.InvocationCount" name="test" time="0.001"/>
  <testcase classname="TestngSessions.InvocationCount" name="test" time="0.002"/>
  <testcase classname="TestngSessions.InvocationCount" name="test" time="0.005"/>
  <testcase classname="TestngSessions.InvocationCount" name="test" time="0.002"/>
  <testcase classname="TestngSessions.InvocationCount" name="test" time="0.003"/>
</testsuite> <!-- TestngSessions.InvocationCount -->
