<?xml version="1.0" encoding="UTF-8"?>
<!-- Generated by org.testng.reporters.JUnitReportReporter -->
<testsuite hostname="DESKTOP-EC9NRGI" failures="0" tests="3" name="TestngSessions.dependsOnMethod" time="0.022" errors="0" timestamp="10 Nov 2021 19:57:07 GMT" skipped="0">
  <testcase classname="TestngSessions.dependsOnMethod" name="login" time="0.019"/>
  <testcase classname="TestngSessions.dependsOnMethod" name="homepage" time="0.001"/>
  <testcase classname="TestngSessions.dependsOnMethod" name="logout" time="0.002"/>
</testsuite> <!-- TestngSessions.dependsOnMethod -->
