<?xml version="1.0" encoding="UTF-8"?>
<!-- Generated by org.testng.reporters.JUnitReportReporter -->
<testsuite hostname="DESKTOP-EC9NRGI" failures="0" tests="5" name="TestngSessions.PriorityTest" time="0.010" errors="0" timestamp="13 Nov 2021 15:51:44 GMT" skipped="0">
  <testcase classname="TestngSessions.PriorityTest" name="test4" time="0.002"/>
  <testcase classname="TestngSessions.PriorityTest" name="test2" time="0.003"/>
  <testcase classname="TestngSessions.PriorityTest" name="test5" time="0.002"/>
  <testcase classname="TestngSessions.PriorityTest" name="test3" time="0.002"/>
  <testcase classname="TestngSessions.PriorityTest" name="test1" time="0.001"/>
</testsuite> <!-- TestngSessions.PriorityTest -->
