<?xml version="1.0" encoding="UTF-8"?>
<!-- Generated by org.testng.reporters.JUnitReportReporter -->
<testsuite hostname="DESKTOP-EC9NRGI" failures="0" tests="3" name="TestngSessions.LoginTest" time="9.893" errors="0" timestamp="13 Nov 2021 17:15:10 GMT" skipped="2">
  <testcase classname="TestngSessions.LoginTest" name="VerifySigninTest" time="9.893"/>
  <testcase classname="TestngSessions.LoginTest" name="pageTitleTest">
    <skipped/>
  </testcase> <!-- pageTitleTest -->
  <testcase classname="TestngSessions.LoginTest" name="sample">
    <skipped/>
  </testcase> <!-- sample -->
</testsuite> <!-- TestngSessions.LoginTest -->
