<?xml version="1.0" encoding="UTF-8"?>
<!-- Generated by org.testng.reporters.JUnitReportReporter -->
<testsuite hostname="DESKTOP-EC9NRGI" failures="0" tests="1" name="POM.RegTest" time="6.559" errors="0" timestamp="17 Nov 2021 17:09:27 GMT" skipped="0">
  <testcase classname="POM.RegTest" name="bookFlight" time="6.559"/>
</testsuite> <!-- POM.RegTest -->
